2023-11-18 22:08:33,881 [INFO] Activator:176 - 


2023-11-18 22:08:33,883 [INFO] Activator:177 - !SESSION log4j initialized
2023-11-18 22:08:37,932 [INFO] LogOutputStream:77 - [STDOUT_REDIRECT] 
2023-11-18 22:08:40,793 [INFO] ApplicationProperties:184 - Using Application install path: D:\STM32CubeIDE_1.12.0\STM32CubeIDE\plugins\com.st.stm32cube.common.mx_6.9.2.202309101412
2023-11-18 22:08:40,816 [INFO] DbMcusXml:78 - Set database path to: D:\STM32CubeIDE_1.12.0\STM32CubeIDE\plugins\com.st.stm32cube.common.mx_6.9.2.202309101412\\db\/mcu/
2023-11-18 22:08:40,817 [INFO] ApiDb:274 - Set plugin database path to: D:\STM32CubeIDE_1.12.0\STM32CubeIDE\plugins\com.st.stm32cube.common.mx_6.9.2.202309101412\\db\/plugins/boardmanager/
2023-11-18 22:08:40,817 [WARN] ApiDb:259 - Overriding images path with different value:  => D:\STM32CubeIDE_1.12.0\STM32CubeIDE\plugins\com.st.stm32cube.common.mx_6.9.2.202309101412\\db\/plugins/mcufinder/images/
2023-11-18 22:08:40,827 [INFO] ApiDb:250 - Set database path to: C:\Users\trand\.stmcufinder\plugins\mcufinder//mcu/
2023-11-18 22:08:40,828 [INFO] DbMcusAds:125 - Set database path to: C:\Users\trand\.stmcufinder\plugins\mcufinder//mcu/
2023-11-18 22:08:40,834 [INFO] CrossReferenceDbSqlite:203 - Set database path to: C:\Users\trand\.stmcufinder\plugins\mcufinder//mcu/cs/
2023-11-18 22:08:40,964 [INFO] RulesReader:64 - Compatibility file has been processed (293 Rules)
2023-11-18 22:08:41,087 [INFO] DbMcusXml:78 - Set database path to: D:\STM32CubeIDE_1.12.0\STM32CubeIDE\plugins\com.st.stm32cube.common.mx_6.9.2.202309101412\\db\/mcu/
2023-11-18 22:08:41,087 [INFO] ApiDb:274 - Set plugin database path to: D:\STM32CubeIDE_1.12.0\STM32CubeIDE\plugins\com.st.stm32cube.common.mx_6.9.2.202309101412\\db\/plugins/boardmanager/
2023-11-18 22:08:41,087 [INFO] ApiDb:261 - Set plugin images path to: D:\STM32CubeIDE_1.12.0\STM32CubeIDE\plugins\com.st.stm32cube.common.mx_6.9.2.202309101412\\db\/plugins/mcufinder/images/
2023-11-18 22:08:41,088 [WARN] DbFile:41 - Overriding database path with different value: C:\Users\trand\.stmcufinder\plugins\mcufinder/ => C:\Users\trand\.stmcufinder\plugins\mcufinder
2023-11-18 22:08:41,088 [INFO] ApiDb:250 - Set database path to: C:\Users\trand\.stmcufinder\plugins\mcufinder//mcu/
2023-11-18 22:08:41,088 [WARN] DbFile:41 - Overriding database path with different value: C:\Users\trand\.stmcufinder\plugins\mcufinder/ => C:\Users\trand\.stmcufinder\plugins\mcufinder
2023-11-18 22:08:41,088 [INFO] DbMcusAds:125 - Set database path to: C:\Users\trand\.stmcufinder\plugins\mcufinder//mcu/
2023-11-18 22:08:41,089 [WARN] DbFile:41 - Overriding database path with different value: C:\Users\trand\.stmcufinder\plugins\mcufinder/ => C:\Users\trand\.stmcufinder\plugins\mcufinder
2023-11-18 22:08:41,089 [WARN] DbFile:41 - Overriding database path with different value: C:\Users\trand\.stmcufinder\plugins\mcufinder/ => C:\Users\trand\.stmcufinder\plugins\mcufinder
2023-11-18 22:08:41,092 [INFO] CrossReferenceDbSqlite:203 - Set database path to: C:\Users\trand\.stmcufinder\plugins\mcufinder//mcu/cs/
2023-11-18 22:08:41,224 [INFO] MainPanel:262 - HeapMemory: 268435456
2023-11-18 22:08:41,369 [INFO] DbMcusXml:78 - Set database path to: D:\STM32CubeIDE_1.12.0\STM32CubeIDE\plugins\com.st.stm32cube.common.mx_6.9.2.202309101412\\db\/mcu/
2023-11-18 22:08:41,370 [INFO] ApiDb:274 - Set plugin database path to: D:\STM32CubeIDE_1.12.0\STM32CubeIDE\plugins\com.st.stm32cube.common.mx_6.9.2.202309101412\\db\/plugins/boardmanager/
2023-11-18 22:08:41,370 [INFO] ApiDb:261 - Set plugin images path to: D:\STM32CubeIDE_1.12.0\STM32CubeIDE\plugins\com.st.stm32cube.common.mx_6.9.2.202309101412\\db\/plugins/mcufinder/images/
2023-11-18 22:08:41,370 [WARN] DbFile:41 - Overriding database path with different value: C:\Users\trand\.stmcufinder\plugins\mcufinder/ => C:\Users\trand\.stmcufinder\plugins\mcufinder
2023-11-18 22:08:41,371 [INFO] ApiDb:250 - Set database path to: C:\Users\trand\.stmcufinder\plugins\mcufinder//mcu/
2023-11-18 22:08:41,371 [WARN] DbFile:41 - Overriding database path with different value: C:\Users\trand\.stmcufinder\plugins\mcufinder/ => C:\Users\trand\.stmcufinder\plugins\mcufinder
2023-11-18 22:08:41,371 [INFO] DbMcusAds:125 - Set database path to: C:\Users\trand\.stmcufinder\plugins\mcufinder//mcu/
2023-11-18 22:08:41,371 [WARN] DbFile:41 - Overriding database path with different value: C:\Users\trand\.stmcufinder\plugins\mcufinder/ => C:\Users\trand\.stmcufinder\plugins\mcufinder
2023-11-18 22:08:41,371 [WARN] DbFile:41 - Overriding database path with different value: C:\Users\trand\.stmcufinder\plugins\mcufinder/ => C:\Users\trand\.stmcufinder\plugins\mcufinder
2023-11-18 22:08:41,374 [INFO] CrossReferenceDbSqlite:203 - Set database path to: C:\Users\trand\.stmcufinder\plugins\mcufinder//mcu/cs/
2023-11-18 22:08:41,407 [INFO] ApplicationProperties:184 - Using Application install path: D:\STM32CubeIDE_1.12.0\STM32CubeIDE\plugins\com.st.stm32cube.common.mx_6.9.2.202309101412
2023-11-18 22:08:41,410 [INFO] PluginManage:196 - Search for loadable plugins [exclusion list=, ]
2023-11-18 22:08:41,411 [INFO] PluginManage:310 - Check plugin analytics
2023-11-18 22:08:41,670 [INFO] AnalyticsPlugin:253 - Accepted Software Licenses: 
2023-11-18 22:08:41,671 [INFO] AnalyticsPlugin:255 - Accepted CMSIS Pack Licenses: 
2023-11-18 22:08:41,671 [INFO] AnalyticsPlugin:257 - Accepted Firmware Licenses: 
2023-11-18 22:08:41,676 [INFO] PluginManage:359 - Loaded plugin analytics (category:tool,tabindex:-1)
2023-11-18 22:08:41,677 [INFO] PluginManage:310 - Check plugin cadmodel
2023-11-18 22:08:41,683 [INFO] CADModel:105 - Init CAD model plugin
2023-11-18 22:08:41,683 [INFO] PluginManage:359 - Loaded plugin cadmodel (category:power,tabindex:5)
2023-11-18 22:08:41,683 [INFO] PluginManage:310 - Check plugin clock
2023-11-18 22:08:41,695 [INFO] PluginManage:359 - Loaded plugin clock (category:base,tabindex:2)
2023-11-18 22:08:41,696 [INFO] PluginManage:310 - Check plugin ddr
2023-11-18 22:08:41,700 [INFO] PluginManage:359 - Loaded plugin ddr (category:tool,tabindex:6)
2023-11-18 22:08:41,700 [INFO] PluginManage:310 - Check plugin filemanager
2023-11-18 22:08:41,898 [INFO] PluginManage:359 - Loaded plugin filemanager (category:base,tabindex:10)
2023-11-18 22:08:41,898 [INFO] PluginManage:310 - Check plugin ipmanager
2023-11-18 22:08:41,911 [INFO] PluginManage:359 - Loaded plugin ipmanager (category:base,tabindex:5)
2023-11-18 22:08:41,911 [INFO] PluginManage:310 - Check plugin lpbam
2023-11-18 22:08:41,922 [INFO] PluginManage:359 - Loaded plugin lpbam (category:base,tabindex:0)
2023-11-18 22:08:41,923 [INFO] PluginManage:310 - Check plugin memorymap
2023-11-18 22:08:41,942 [INFO] PluginManage:359 - Loaded plugin memorymap (category:base,tabindex:4)
2023-11-18 22:08:41,942 [INFO] PluginManage:310 - Check plugin pinoutandconfiguration
2023-11-18 22:08:41,951 [INFO] PluginManage:359 - Loaded plugin pinoutandconfiguration (category:base,tabindex:1)
2023-11-18 22:08:41,951 [INFO] PluginManage:310 - Check plugin pinoutconfig
2023-11-18 22:08:42,083 [WARN] SupportedApi:132 - Cannot load RTOS API schema: s4s-elt-must-match.1: The content of 'definitions' must match (annotation?, (simpleType | complexType)?, (unique | key | keyref)*)). A problem was found starting at: attribute.
2023-11-18 22:08:42,225 [INFO] PluginManage:359 - Loaded plugin pinoutconfig (category:base,tabindex:0)
2023-11-18 22:08:42,225 [INFO] PluginManage:310 - Check plugin power
2023-11-18 22:08:42,233 [INFO] PluginManage:359 - Loaded plugin power (category:power,tabindex:4)
2023-11-18 22:08:42,233 [INFO] PluginManage:310 - Check plugin projectmanager
2023-11-18 22:08:42,248 [INFO] PluginManage:359 - Loaded plugin projectmanager (category:projectmanager,tabindex:3)
2023-11-18 22:08:42,248 [INFO] PluginManage:310 - Check plugin thirdparty
2023-11-18 22:08:42,383 [INFO] PluginManage:359 - Loaded plugin thirdparty (category:base,tabindex:-1)
2023-11-18 22:08:42,383 [WARN] IntegrityCheckThread:84 - waiting for thirdparty lock release [integrity check]
2023-11-18 22:08:42,383 [INFO] IntegrityCheckThread:86 - entering critical section [integrity check]
2023-11-18 22:08:42,383 [INFO] PluginManage:310 - Check plugin tools
2023-11-18 22:08:42,384 [INFO] ThirdPartyUpdaterWithRetryManager:70 - Updater plugin not ready yet. [1/15]
2023-11-18 22:08:42,387 [INFO] PluginManage:359 - Loaded plugin tools (category:base,tabindex:7)
2023-11-18 22:08:42,387 [INFO] PluginManage:310 - Check plugin tutovideos
2023-11-18 22:08:42,554 [INFO] PluginManage:359 - Loaded plugin tutovideos (category:base,tabindex:-1)
2023-11-18 22:08:42,554 [INFO] PluginManage:310 - Check plugin updater
2023-11-18 22:08:42,562 [INFO] PluginManage:359 - Loaded plugin updater (category:base,tabindex:12)
2023-11-18 22:08:42,562 [INFO] PluginManage:310 - Check plugin userauth
2023-11-18 22:08:42,568 [INFO] UserAuth:113 - Init User Auth plugin
2023-11-18 22:08:42,568 [INFO] PluginManage:359 - Loaded plugin userauth (category:base,tabindex:14)
2023-11-18 22:08:42,568 [INFO] PluginManage:283 - PluginManage : Loaded plugins [17]
2023-11-18 22:08:42,799 [INFO] PinOutPanel:1499 - setPackage(No Configuration,No Configuration)
2023-11-18 22:08:42,935 [INFO] CADModel:165 - CPN selected for project level
2023-11-18 22:08:42,936 [INFO] CADModel:114 - Register for checkConnection events
2023-11-18 22:08:42,964 [INFO] IPUIPlugin:80 - create IPUIPlugin
2023-11-18 22:08:42,964 [INFO] PluginManager:220 - loadIPPluginJar : add adc
2023-11-18 22:08:42,968 [INFO] IPUIPlugin:80 - create IPUIPlugin
2023-11-18 22:08:42,968 [INFO] PluginManager:220 - loadIPPluginJar : add aes
2023-11-18 22:08:42,973 [INFO] IPUIPlugin:80 - create IPUIPlugin
2023-11-18 22:08:42,973 [INFO] PluginManager:220 - loadIPPluginJar : add can
2023-11-18 22:08:42,975 [INFO] IPUIPlugin:80 - create IPUIPlugin
2023-11-18 22:08:42,976 [INFO] PluginManager:220 - loadIPPluginJar : add comp
2023-11-18 22:08:42,980 [INFO] IPUIPlugin:80 - create IPUIPlugin
2023-11-18 22:08:42,981 [INFO] PluginManager:220 - loadIPPluginJar : add cryp
2023-11-18 22:08:42,987 [INFO] IPUIPlugin:80 - create IPUIPlugin
2023-11-18 22:08:42,987 [INFO] PluginManager:220 - loadIPPluginJar : add dfsdm
2023-11-18 22:08:43,000 [INFO] IPUIPlugin:80 - create IPUIPlugin
2023-11-18 22:08:43,000 [INFO] PluginManager:220 - loadIPPluginJar : add dma
2023-11-18 22:08:43,005 [INFO] IPUIPlugin:80 - create IPUIPlugin
2023-11-18 22:08:43,005 [INFO] PluginManager:220 - loadIPPluginJar : add dma3
2023-11-18 22:08:43,008 [INFO] IPUIPlugin:80 - create IPUIPlugin
2023-11-18 22:08:43,008 [INFO] PluginManager:220 - loadIPPluginJar : add fatfs
2023-11-18 22:08:43,017 [INFO] IPUIPlugin:80 - create IPUIPlugin
2023-11-18 22:08:43,017 [INFO] PluginManager:220 - loadIPPluginJar : add fmc
2023-11-18 22:08:43,027 [INFO] IPUIPlugin:80 - create IPUIPlugin
2023-11-18 22:08:43,028 [INFO] PluginManager:220 - loadIPPluginJar : add freertos
2023-11-18 22:08:43,030 [INFO] IPUIPlugin:80 - create IPUIPlugin
2023-11-18 22:08:43,030 [INFO] PluginManager:220 - loadIPPluginJar : add genericplugin
2023-11-18 22:08:43,033 [INFO] IPUIPlugin:80 - create IPUIPlugin
2023-11-18 22:08:43,033 [INFO] PluginManager:220 - loadIPPluginJar : add gfxmmu
2023-11-18 22:08:43,040 [INFO] IPUIPlugin:80 - create IPUIPlugin
2023-11-18 22:08:43,041 [INFO] PluginManager:220 - loadIPPluginJar : add gic
2023-11-18 22:08:43,047 [INFO] IPUIPlugin:80 - create IPUIPlugin
2023-11-18 22:08:43,047 [INFO] PluginManager:220 - loadIPPluginJar : add gpio
2023-11-18 22:08:43,051 [INFO] IPUIPlugin:80 - create IPUIPlugin
2023-11-18 22:08:43,051 [INFO] PluginManager:220 - loadIPPluginJar : add gtzc
2023-11-18 22:08:43,054 [INFO] IPUIPlugin:80 - create IPUIPlugin
2023-11-18 22:08:43,055 [INFO] PluginManager:220 - loadIPPluginJar : add hash
2023-11-18 22:08:43,058 [INFO] IPUIPlugin:80 - create IPUIPlugin
2023-11-18 22:08:43,058 [INFO] PluginManager:220 - loadIPPluginJar : add i2c
2023-11-18 22:08:43,062 [INFO] IPUIPlugin:80 - create IPUIPlugin
2023-11-18 22:08:43,062 [INFO] PluginManager:220 - loadIPPluginJar : add i2s
2023-11-18 22:08:43,068 [INFO] IPUIPlugin:80 - create IPUIPlugin
2023-11-18 22:08:43,068 [INFO] PluginManager:220 - loadIPPluginJar : add i3c
2023-11-18 22:08:43,075 [INFO] IPUIPlugin:80 - create IPUIPlugin
2023-11-18 22:08:43,075 [INFO] PluginManager:220 - loadIPPluginJar : add ipddr
2023-11-18 22:08:43,086 [INFO] IPUIPlugin:80 - create IPUIPlugin
2023-11-18 22:08:43,086 [INFO] PluginManager:220 - loadIPPluginJar : add linkedlist
2023-11-18 22:08:43,090 [INFO] IPUIPlugin:80 - create IPUIPlugin
2023-11-18 22:08:43,090 [INFO] PluginManager:220 - loadIPPluginJar : add lorawan
2023-11-18 22:08:43,092 [INFO] IPUIPlugin:80 - create IPUIPlugin
2023-11-18 22:08:43,092 [INFO] PluginManager:220 - loadIPPluginJar : add ltdc
2023-11-18 22:08:43,100 [INFO] IPUIPlugin:80 - create IPUIPlugin
2023-11-18 22:08:43,101 [INFO] PluginManager:220 - loadIPPluginJar : add mdma
2023-11-18 22:08:43,105 [INFO] IPUIPlugin:80 - create IPUIPlugin
2023-11-18 22:08:43,105 [INFO] PluginManager:220 - loadIPPluginJar : add nvic
2023-11-18 22:08:43,109 [INFO] IPUIPlugin:80 - create IPUIPlugin
2023-11-18 22:08:43,109 [INFO] PluginManager:220 - loadIPPluginJar : add opamp
2023-11-18 22:08:43,112 [INFO] IPUIPlugin:80 - create IPUIPlugin
2023-11-18 22:08:43,113 [INFO] PluginManager:220 - loadIPPluginJar : add openamp
2023-11-18 22:08:43,117 [INFO] IPUIPlugin:80 - create IPUIPlugin
2023-11-18 22:08:43,117 [INFO] PluginManager:220 - loadIPPluginJar : add pdm2pcm
2023-11-18 22:08:43,127 [INFO] IPUIPlugin:80 - create IPUIPlugin
2023-11-18 22:08:43,131 [INFO] PluginManager:220 - loadIPPluginJar : add plateformsettings
2023-11-18 22:08:43,133 [INFO] IPUIPlugin:80 - create IPUIPlugin
2023-11-18 22:08:43,133 [INFO] PluginManager:220 - loadIPPluginJar : add quadspi
2023-11-18 22:08:43,138 [INFO] IPUIPlugin:80 - create IPUIPlugin
2023-11-18 22:08:43,139 [INFO] PluginManager:220 - loadIPPluginJar : add resmgrutility
2023-11-18 22:08:43,143 [INFO] IPUIPlugin:80 - create IPUIPlugin
2023-11-18 22:08:43,143 [INFO] PluginManager:220 - loadIPPluginJar : add sai
2023-11-18 22:08:43,146 [INFO] IPUIPlugin:80 - create IPUIPlugin
2023-11-18 22:08:43,147 [INFO] PluginManager:220 - loadIPPluginJar : add spi
2023-11-18 22:08:43,154 [INFO] IPUIPlugin:80 - create IPUIPlugin
2023-11-18 22:08:43,154 [INFO] PluginManager:220 - loadIPPluginJar : add stm32_wpan
2023-11-18 22:08:43,157 [INFO] IPUIPlugin:80 - create IPUIPlugin
2023-11-18 22:08:43,157 [INFO] PluginManager:220 - loadIPPluginJar : add tim
2023-11-18 22:08:43,161 [INFO] IPUIPlugin:80 - create IPUIPlugin
2023-11-18 22:08:43,162 [INFO] PluginManager:220 - loadIPPluginJar : add touchsensing
2023-11-18 22:08:43,164 [INFO] IPUIPlugin:80 - create IPUIPlugin
2023-11-18 22:08:43,165 [INFO] PluginManager:220 - loadIPPluginJar : add tracer_emb
2023-11-18 22:08:43,167 [INFO] IPUIPlugin:80 - create IPUIPlugin
2023-11-18 22:08:43,167 [INFO] PluginManager:220 - loadIPPluginJar : add ts
2023-11-18 22:08:43,169 [INFO] IPUIPlugin:80 - create IPUIPlugin
2023-11-18 22:08:43,170 [INFO] PluginManager:220 - loadIPPluginJar : add tsc
2023-11-18 22:08:43,173 [INFO] IPUIPlugin:80 - create IPUIPlugin
2023-11-18 22:08:43,173 [INFO] PluginManager:220 - loadIPPluginJar : add ucpd
2023-11-18 22:08:43,177 [INFO] IPUIPlugin:80 - create IPUIPlugin
2023-11-18 22:08:43,177 [INFO] PluginManager:220 - loadIPPluginJar : add usart
2023-11-18 22:08:43,181 [INFO] IPUIPlugin:80 - create IPUIPlugin
2023-11-18 22:08:43,181 [INFO] PluginManager:220 - loadIPPluginJar : add usbx
2023-11-18 22:08:43,338 [INFO] CADModel:165 - CPN selected for project level
2023-11-18 22:08:43,338 [INFO] CADModel:114 - Register for checkConnection events
2023-11-18 22:08:43,339 [FATAL] Updater:308 - Updater called before beeing initialized
2023-11-18 22:08:43,339 [ERROR] CADModel:125 - Updater not yet initialized, retry later 
2023-11-18 22:08:43,582 [INFO] CADModel:165 - CPN selected for project level
2023-11-18 22:08:43,582 [INFO] CADModel:114 - Register for checkConnection events
2023-11-18 22:08:43,583 [FATAL] Updater:308 - Updater called before beeing initialized
2023-11-18 22:08:43,583 [ERROR] CADModel:125 - Updater not yet initialized, retry later 
2023-11-18 22:08:43,589 [FATAL] Updater:308 - Updater called before beeing initialized
2023-11-18 22:08:43,748 [FATAL] Updater:308 - Updater called before beeing initialized
2023-11-18 22:08:43,764 [INFO] DbMcusAds:53 - JSON generation date=Thu Sep 30 13:55:09 ICT 2021 (1632984909247)
2023-11-18 22:08:43,765 [FATAL] Updater:308 - Updater called before beeing initialized
2023-11-18 22:08:43,842 [WARN] DetailPanel:346 - Failed to get advertising image, set to default
2023-11-18 22:08:44,046 [FATAL] Updater:308 - Updater called before beeing initialized
2023-11-18 22:08:44,049 [FATAL] Updater:308 - Updater called before beeing initialized
2023-11-18 22:08:44,049 [FATAL] Updater:308 - Updater called before beeing initialized
2023-11-18 22:08:44,049 [WARN] DetailPanel:346 - Failed to get advertising image, set to default
2023-11-18 22:08:44,049 [FATAL] Updater:308 - Updater called before beeing initialized
2023-11-18 22:08:44,126 [ERROR] Updater:1120 - MainUpdater not yet initialized. External WinMGr cannot be set.
2023-11-18 22:08:44,130 [INFO] Updater:1056 - Updater Version found : 6.9.2
2023-11-18 22:08:44,158 [INFO] ApplicationProperties:184 - Using Application install path: D:\STM32CubeIDE_1.12.0\STM32CubeIDE\plugins\com.st.stm32cube.common.mx_6.9.2.202309101412
2023-11-18 22:08:44,466 [INFO] MainUpdater:2868 - connection check result : 10
2023-11-18 22:08:44,467 [INFO] MainUpdater:285 - Updater Check For Update Now.
2023-11-18 22:08:44,467 [INFO] MicroXplorer:498 - Change Database Version : DB.6.0.92
2023-11-18 22:08:44,477 [INFO] McuFinderGlobals:63 - Set McuFinder mode to 2 (CubeIDE integrated)
2023-11-18 22:08:44,478 [INFO] UserAuth:179 - activating auth plugin
2023-11-18 22:08:44,483 [INFO] UserAuth:393 - Internet connection configuration mode: 1
2023-11-18 22:08:44,512 [INFO] JxBrowserEngine:151 - Initiate JxBrowser Engine with user profile folder
2023-11-18 22:08:44,696 [INFO] CheckServerUpdateThread:120 - End of CheckServer Thread
2023-11-18 22:08:45,854 [WARN] PackLoader:240 - Cannot read IP mode file for STMicroelectronics.X-CUBE-SMBUS.2.1.0
2023-11-18 22:08:45,920 [WARN] PackLoader:240 - Cannot read IP mode file for STMicroelectronics.X-CUBE-AZRTOS-F7.1.1.0
2023-11-18 22:08:45,940 [ERROR] RealEvaluatedCondition:428 - Found unsupported composite condition: CLASS='Data Exchange' GROUP='STM32_MetaDataManager'
2023-11-18 22:08:45,940 [ERROR] RealEvaluatedCondition:428 - Found unsupported composite condition: GROUP='STM32_MetaDataManager' CLASS='Data Exchange'
2023-11-18 22:08:45,943 [WARN] PackLoader:240 - Cannot read IP mode file for STMicroelectronics.FP-SNS-MOTENV1.4.3.0
2023-11-18 22:08:45,956 [INFO] WebApp:157 - Instantiating new browser for Auth
2023-11-18 22:08:45,957 [WARN] PackLoader:240 - Cannot read IP mode file for STMicroelectronics.FP-SNS-MOTENV1.4.3.2
2023-11-18 22:08:45,966 [WARN] PackLoader:240 - Cannot read IP mode file for STMicroelectronics.FP-SNS-FLIGHT1.5.0.0
2023-11-18 22:08:45,972 [ERROR] RealEvaluatedCondition:428 - Found unsupported composite condition: CLASS='Data Exchange' GROUP='STM32_MetaDataManager'
2023-11-18 22:08:45,972 [ERROR] RealEvaluatedCondition:428 - Found unsupported composite condition: CLASS='Data Exchange' GROUP='STM32_MetaDataManager'
2023-11-18 22:08:45,974 [WARN] PackLoader:240 - Cannot read IP mode file for STMicroelectronics.FP-SNS-MOTENV1.4.3.1
2023-11-18 22:08:46,048 [WARN] PackLoader:240 - Cannot read IP mode file for STMicroelectronics.FP-SNS-FLIGHT1.5.0.1
2023-11-18 22:08:46,069 [WARN] PackLoader:240 - Cannot read IP mode file for STMicroelectronics.X-CUBE-BLE1.6.2.3
2023-11-18 22:08:46,126 [WARN] PackLoader:240 - Cannot read IP mode file for STMicroelectronics.X-CUBE-BLE1.6.2.4
2023-11-18 22:08:46,141 [WARN] PackLoader:240 - Cannot read IP mode file for STMicroelectronics.FP-SNS-FLIGHT1.5.0.2
2023-11-18 22:08:46,533 [WARN] PackLoader:240 - Cannot read IP mode file for STMicroelectronics.X-CUBE-TOF1.3.1.0
2023-11-18 22:08:46,555 [WARN] PackLoader:240 - Cannot read IP mode file for STMicroelectronics.X-CUBE-DISPLAY.3.0.0
2023-11-18 22:08:46,670 [WARN] PackLoader:240 - Cannot read IP mode file for STMicroelectronics.X-CUBE-BLE1.7.0.0
2023-11-18 22:08:46,682 [WARN] PackLoader:240 - Cannot read IP mode file for STMicroelectronics.X-CUBE-TOUCHGFX.4.22.0
2023-11-18 22:08:46,687 [WARN] PackLoader:240 - Cannot read IP mode file for STMicroelectronics.X-CUBE-TOUCHGFX.4.22.1
2023-11-18 22:08:46,908 [WARN] PackLoader:240 - Cannot read IP mode file for STMicroelectronics.X-CUBE-MEMS1.9.3.0
2023-11-18 22:08:47,450 [WARN] PackLoader:240 - Cannot read IP mode file for STMicroelectronics.X-CUBE-AI.7.2.0
2023-11-18 22:08:47,463 [WARN] PackLoader:240 - Cannot read IP mode file for STMicroelectronics.FP-SNS-SMARTAG2.1.2.0
2023-11-18 22:08:47,518 [WARN] PackLoader:240 - Cannot read IP mode file for STMicroelectronics.X-CUBE-AZRTOS-WL.2.0.0
2023-11-18 22:08:47,538 [WARN] PackLoader:240 - Cannot read IP mode file for WES.I-CUBE-Cesium.1.3.0
2023-11-18 22:08:47,548 [WARN] PackLoader:240 - Cannot read IP mode file for STMicroelectronics.X-CUBE-BLE2.3.3.0
2023-11-18 22:08:47,570 [WARN] PackLoader:240 - Cannot read IP mode file for STMicroelectronics.X-CUBE-DISPLAY.2.2.0
2023-11-18 22:08:47,594 [WARN] PackLoader:240 - Cannot read IP mode file for STMicroelectronics.X-CUBE-TOF1.3.2.0
2023-11-18 22:08:47,613 [WARN] PackLoader:240 - Cannot read IP mode file for STMicroelectronics.X-CUBE-ISPU.1.0.0
2023-11-18 22:10:24,561 [INFO] Activator:176 - 


2023-11-18 22:10:24,562 [INFO] Activator:177 - !SESSION log4j initialized
2023-11-18 22:10:29,105 [INFO] LogOutputStream:77 - [STDOUT_REDIRECT] 
2023-11-18 22:10:32,158 [INFO] ApplicationProperties:184 - Using Application install path: D:\STM32CubeIDE_1.12.0\STM32CubeIDE\plugins\com.st.stm32cube.common.mx_6.9.2.202309101412
2023-11-18 22:10:32,189 [INFO] DbMcusXml:78 - Set database path to: D:\STM32CubeIDE_1.12.0\STM32CubeIDE\plugins\com.st.stm32cube.common.mx_6.9.2.202309101412\\db\/mcu/
2023-11-18 22:10:32,190 [INFO] ApiDb:274 - Set plugin database path to: D:\STM32CubeIDE_1.12.0\STM32CubeIDE\plugins\com.st.stm32cube.common.mx_6.9.2.202309101412\\db\/plugins/boardmanager/
2023-11-18 22:10:32,191 [WARN] ApiDb:259 - Overriding images path with different value:  => D:\STM32CubeIDE_1.12.0\STM32CubeIDE\plugins\com.st.stm32cube.common.mx_6.9.2.202309101412\\db\/plugins/mcufinder/images/
2023-11-18 22:10:32,203 [INFO] ApiDb:250 - Set database path to: C:\Users\trand\.stmcufinder\plugins\mcufinder//mcu/
2023-11-18 22:10:32,205 [INFO] DbMcusAds:125 - Set database path to: C:\Users\trand\.stmcufinder\plugins\mcufinder//mcu/
2023-11-18 22:10:32,211 [INFO] CrossReferenceDbSqlite:203 - Set database path to: C:\Users\trand\.stmcufinder\plugins\mcufinder//mcu/cs/
2023-11-18 22:10:32,344 [INFO] RulesReader:64 - Compatibility file has been processed (293 Rules)
2023-11-18 22:10:32,436 [INFO] DbMcusXml:78 - Set database path to: D:\STM32CubeIDE_1.12.0\STM32CubeIDE\plugins\com.st.stm32cube.common.mx_6.9.2.202309101412\\db\/mcu/
2023-11-18 22:10:32,436 [INFO] ApiDb:274 - Set plugin database path to: D:\STM32CubeIDE_1.12.0\STM32CubeIDE\plugins\com.st.stm32cube.common.mx_6.9.2.202309101412\\db\/plugins/boardmanager/
2023-11-18 22:10:32,436 [INFO] ApiDb:261 - Set plugin images path to: D:\STM32CubeIDE_1.12.0\STM32CubeIDE\plugins\com.st.stm32cube.common.mx_6.9.2.202309101412\\db\/plugins/mcufinder/images/
2023-11-18 22:10:32,436 [WARN] DbFile:41 - Overriding database path with different value: C:\Users\trand\.stmcufinder\plugins\mcufinder/ => C:\Users\trand\.stmcufinder\plugins\mcufinder
2023-11-18 22:10:32,436 [INFO] ApiDb:250 - Set database path to: C:\Users\trand\.stmcufinder\plugins\mcufinder//mcu/
2023-11-18 22:10:32,436 [WARN] DbFile:41 - Overriding database path with different value: C:\Users\trand\.stmcufinder\plugins\mcufinder/ => C:\Users\trand\.stmcufinder\plugins\mcufinder
2023-11-18 22:10:32,437 [INFO] DbMcusAds:125 - Set database path to: C:\Users\trand\.stmcufinder\plugins\mcufinder//mcu/
2023-11-18 22:10:32,437 [WARN] DbFile:41 - Overriding database path with different value: C:\Users\trand\.stmcufinder\plugins\mcufinder/ => C:\Users\trand\.stmcufinder\plugins\mcufinder
2023-11-18 22:10:32,437 [WARN] DbFile:41 - Overriding database path with different value: C:\Users\trand\.stmcufinder\plugins\mcufinder/ => C:\Users\trand\.stmcufinder\plugins\mcufinder
2023-11-18 22:10:32,439 [INFO] CrossReferenceDbSqlite:203 - Set database path to: C:\Users\trand\.stmcufinder\plugins\mcufinder//mcu/cs/
2023-11-18 22:10:32,528 [INFO] MainPanel:262 - HeapMemory: 268435456
2023-11-18 22:10:32,617 [INFO] DbMcusXml:78 - Set database path to: D:\STM32CubeIDE_1.12.0\STM32CubeIDE\plugins\com.st.stm32cube.common.mx_6.9.2.202309101412\\db\/mcu/
2023-11-18 22:10:32,617 [INFO] ApiDb:274 - Set plugin database path to: D:\STM32CubeIDE_1.12.0\STM32CubeIDE\plugins\com.st.stm32cube.common.mx_6.9.2.202309101412\\db\/plugins/boardmanager/
2023-11-18 22:10:32,617 [INFO] ApiDb:261 - Set plugin images path to: D:\STM32CubeIDE_1.12.0\STM32CubeIDE\plugins\com.st.stm32cube.common.mx_6.9.2.202309101412\\db\/plugins/mcufinder/images/
2023-11-18 22:10:32,618 [WARN] DbFile:41 - Overriding database path with different value: C:\Users\trand\.stmcufinder\plugins\mcufinder/ => C:\Users\trand\.stmcufinder\plugins\mcufinder
2023-11-18 22:10:32,618 [INFO] ApiDb:250 - Set database path to: C:\Users\trand\.stmcufinder\plugins\mcufinder//mcu/
2023-11-18 22:10:32,618 [WARN] DbFile:41 - Overriding database path with different value: C:\Users\trand\.stmcufinder\plugins\mcufinder/ => C:\Users\trand\.stmcufinder\plugins\mcufinder
2023-11-18 22:10:32,618 [INFO] DbMcusAds:125 - Set database path to: C:\Users\trand\.stmcufinder\plugins\mcufinder//mcu/
2023-11-18 22:10:32,618 [WARN] DbFile:41 - Overriding database path with different value: C:\Users\trand\.stmcufinder\plugins\mcufinder/ => C:\Users\trand\.stmcufinder\plugins\mcufinder
2023-11-18 22:10:32,619 [WARN] DbFile:41 - Overriding database path with different value: C:\Users\trand\.stmcufinder\plugins\mcufinder/ => C:\Users\trand\.stmcufinder\plugins\mcufinder
2023-11-18 22:10:32,621 [INFO] CrossReferenceDbSqlite:203 - Set database path to: C:\Users\trand\.stmcufinder\plugins\mcufinder//mcu/cs/
2023-11-18 22:10:32,642 [INFO] ApplicationProperties:184 - Using Application install path: D:\STM32CubeIDE_1.12.0\STM32CubeIDE\plugins\com.st.stm32cube.common.mx_6.9.2.202309101412
2023-11-18 22:10:32,644 [INFO] PluginManage:196 - Search for loadable plugins [exclusion list=, ]
2023-11-18 22:10:32,646 [INFO] PluginManage:310 - Check plugin analytics
2023-11-18 22:10:32,861 [INFO] AnalyticsPlugin:253 - Accepted Software Licenses: 
2023-11-18 22:10:32,861 [INFO] AnalyticsPlugin:255 - Accepted CMSIS Pack Licenses: 
2023-11-18 22:10:32,862 [INFO] AnalyticsPlugin:257 - Accepted Firmware Licenses: 
2023-11-18 22:10:32,866 [INFO] PluginManage:359 - Loaded plugin analytics (category:tool,tabindex:-1)
2023-11-18 22:10:32,866 [INFO] PluginManage:310 - Check plugin cadmodel
2023-11-18 22:10:32,873 [INFO] CADModel:105 - Init CAD model plugin
2023-11-18 22:10:32,873 [INFO] PluginManage:359 - Loaded plugin cadmodel (category:power,tabindex:5)
2023-11-18 22:10:32,874 [INFO] PluginManage:310 - Check plugin clock
2023-11-18 22:10:32,888 [INFO] PluginManage:359 - Loaded plugin clock (category:base,tabindex:2)
2023-11-18 22:10:32,889 [INFO] PluginManage:310 - Check plugin ddr
2023-11-18 22:10:32,892 [INFO] PluginManage:359 - Loaded plugin ddr (category:tool,tabindex:6)
2023-11-18 22:10:32,893 [INFO] PluginManage:310 - Check plugin filemanager
2023-11-18 22:10:33,092 [INFO] PluginManage:359 - Loaded plugin filemanager (category:base,tabindex:10)
2023-11-18 22:10:33,092 [INFO] PluginManage:310 - Check plugin ipmanager
2023-11-18 22:10:33,100 [INFO] PluginManage:359 - Loaded plugin ipmanager (category:base,tabindex:5)
2023-11-18 22:10:33,100 [INFO] PluginManage:310 - Check plugin lpbam
2023-11-18 22:10:33,123 [INFO] PluginManage:359 - Loaded plugin lpbam (category:base,tabindex:0)
2023-11-18 22:10:33,124 [INFO] PluginManage:310 - Check plugin memorymap
2023-11-18 22:10:33,139 [INFO] PluginManage:359 - Loaded plugin memorymap (category:base,tabindex:4)
2023-11-18 22:10:33,140 [INFO] PluginManage:310 - Check plugin pinoutandconfiguration
2023-11-18 22:10:33,148 [INFO] PluginManage:359 - Loaded plugin pinoutandconfiguration (category:base,tabindex:1)
2023-11-18 22:10:33,148 [INFO] PluginManage:310 - Check plugin pinoutconfig
2023-11-18 22:10:33,276 [WARN] SupportedApi:132 - Cannot load RTOS API schema: s4s-elt-must-match.1: The content of 'definitions' must match (annotation?, (simpleType | complexType)?, (unique | key | keyref)*)). A problem was found starting at: attribute.
2023-11-18 22:10:33,402 [INFO] PluginManage:359 - Loaded plugin pinoutconfig (category:base,tabindex:0)
2023-11-18 22:10:33,402 [INFO] PluginManage:310 - Check plugin power
2023-11-18 22:10:33,415 [INFO] PluginManage:359 - Loaded plugin power (category:power,tabindex:4)
2023-11-18 22:10:33,415 [INFO] PluginManage:310 - Check plugin projectmanager
2023-11-18 22:10:33,432 [INFO] PluginManage:359 - Loaded plugin projectmanager (category:projectmanager,tabindex:3)
2023-11-18 22:10:33,432 [INFO] PluginManage:310 - Check plugin thirdparty
2023-11-18 22:10:33,568 [INFO] PluginManage:359 - Loaded plugin thirdparty (category:base,tabindex:-1)
2023-11-18 22:10:33,568 [WARN] IntegrityCheckThread:84 - waiting for thirdparty lock release [integrity check]
2023-11-18 22:10:33,568 [INFO] PluginManage:310 - Check plugin tools
2023-11-18 22:10:33,568 [INFO] IntegrityCheckThread:86 - entering critical section [integrity check]
2023-11-18 22:10:33,569 [INFO] ThirdPartyUpdaterWithRetryManager:70 - Updater plugin not ready yet. [1/15]
2023-11-18 22:10:33,571 [INFO] PluginManage:359 - Loaded plugin tools (category:base,tabindex:7)
2023-11-18 22:10:33,572 [INFO] PluginManage:310 - Check plugin tutovideos
2023-11-18 22:10:33,745 [INFO] PluginManage:359 - Loaded plugin tutovideos (category:base,tabindex:-1)
2023-11-18 22:10:33,745 [INFO] PluginManage:310 - Check plugin updater
2023-11-18 22:10:33,759 [INFO] PluginManage:359 - Loaded plugin updater (category:base,tabindex:12)
2023-11-18 22:10:33,759 [INFO] PluginManage:310 - Check plugin userauth
2023-11-18 22:10:33,764 [INFO] UserAuth:113 - Init User Auth plugin
2023-11-18 22:10:33,764 [INFO] PluginManage:359 - Loaded plugin userauth (category:base,tabindex:14)
2023-11-18 22:10:33,765 [INFO] PluginManage:283 - PluginManage : Loaded plugins [17]
2023-11-18 22:10:33,972 [INFO] PinOutPanel:1499 - setPackage(No Configuration,No Configuration)
2023-11-18 22:10:34,068 [INFO] CADModel:165 - CPN selected for project level
2023-11-18 22:10:34,068 [INFO] CADModel:114 - Register for checkConnection events
2023-11-18 22:10:34,080 [INFO] IPUIPlugin:80 - create IPUIPlugin
2023-11-18 22:10:34,081 [INFO] PluginManager:220 - loadIPPluginJar : add adc
2023-11-18 22:10:34,082 [INFO] IPUIPlugin:80 - create IPUIPlugin
2023-11-18 22:10:34,082 [INFO] PluginManager:220 - loadIPPluginJar : add aes
2023-11-18 22:10:34,084 [INFO] IPUIPlugin:80 - create IPUIPlugin
2023-11-18 22:10:34,084 [INFO] PluginManager:220 - loadIPPluginJar : add can
2023-11-18 22:10:34,085 [INFO] IPUIPlugin:80 - create IPUIPlugin
2023-11-18 22:10:34,086 [INFO] PluginManager:220 - loadIPPluginJar : add comp
2023-11-18 22:10:34,088 [INFO] IPUIPlugin:80 - create IPUIPlugin
2023-11-18 22:10:34,088 [INFO] PluginManager:220 - loadIPPluginJar : add cryp
2023-11-18 22:10:34,090 [INFO] IPUIPlugin:80 - create IPUIPlugin
2023-11-18 22:10:34,090 [INFO] PluginManager:220 - loadIPPluginJar : add dfsdm
2023-11-18 22:10:34,094 [INFO] IPUIPlugin:80 - create IPUIPlugin
2023-11-18 22:10:34,094 [INFO] PluginManager:220 - loadIPPluginJar : add dma
2023-11-18 22:10:34,095 [INFO] IPUIPlugin:80 - create IPUIPlugin
2023-11-18 22:10:34,095 [INFO] PluginManager:220 - loadIPPluginJar : add dma3
2023-11-18 22:10:34,096 [INFO] IPUIPlugin:80 - create IPUIPlugin
2023-11-18 22:10:34,096 [INFO] PluginManager:220 - loadIPPluginJar : add fatfs
2023-11-18 22:10:34,099 [INFO] IPUIPlugin:80 - create IPUIPlugin
2023-11-18 22:10:34,099 [INFO] PluginManager:220 - loadIPPluginJar : add fmc
2023-11-18 22:10:34,102 [INFO] IPUIPlugin:80 - create IPUIPlugin
2023-11-18 22:10:34,102 [INFO] PluginManager:220 - loadIPPluginJar : add freertos
2023-11-18 22:10:34,102 [INFO] IPUIPlugin:80 - create IPUIPlugin
2023-11-18 22:10:34,102 [INFO] PluginManager:220 - loadIPPluginJar : add genericplugin
2023-11-18 22:10:34,103 [INFO] IPUIPlugin:80 - create IPUIPlugin
2023-11-18 22:10:34,103 [INFO] PluginManager:220 - loadIPPluginJar : add gfxmmu
2023-11-18 22:10:34,106 [INFO] IPUIPlugin:80 - create IPUIPlugin
2023-11-18 22:10:34,106 [INFO] PluginManager:220 - loadIPPluginJar : add gic
2023-11-18 22:10:34,109 [INFO] IPUIPlugin:80 - create IPUIPlugin
2023-11-18 22:10:34,110 [INFO] PluginManager:220 - loadIPPluginJar : add gpio
2023-11-18 22:10:34,112 [INFO] IPUIPlugin:80 - create IPUIPlugin
2023-11-18 22:10:34,112 [INFO] PluginManager:220 - loadIPPluginJar : add gtzc
2023-11-18 22:10:34,112 [INFO] IPUIPlugin:80 - create IPUIPlugin
2023-11-18 22:10:34,112 [INFO] PluginManager:220 - loadIPPluginJar : add hash
2023-11-18 22:10:34,114 [INFO] IPUIPlugin:80 - create IPUIPlugin
2023-11-18 22:10:34,114 [INFO] PluginManager:220 - loadIPPluginJar : add i2c
2023-11-18 22:10:34,115 [INFO] IPUIPlugin:80 - create IPUIPlugin
2023-11-18 22:10:34,115 [INFO] PluginManager:220 - loadIPPluginJar : add i2s
2023-11-18 22:10:34,117 [INFO] IPUIPlugin:80 - create IPUIPlugin
2023-11-18 22:10:34,117 [INFO] PluginManager:220 - loadIPPluginJar : add i3c
2023-11-18 22:10:34,119 [INFO] IPUIPlugin:80 - create IPUIPlugin
2023-11-18 22:10:34,120 [INFO] PluginManager:220 - loadIPPluginJar : add ipddr
2023-11-18 22:10:34,125 [INFO] IPUIPlugin:80 - create IPUIPlugin
2023-11-18 22:10:34,125 [INFO] PluginManager:220 - loadIPPluginJar : add linkedlist
2023-11-18 22:10:34,127 [INFO] IPUIPlugin:80 - create IPUIPlugin
2023-11-18 22:10:34,127 [INFO] PluginManager:220 - loadIPPluginJar : add lorawan
2023-11-18 22:10:34,127 [INFO] IPUIPlugin:80 - create IPUIPlugin
2023-11-18 22:10:34,128 [INFO] PluginManager:220 - loadIPPluginJar : add ltdc
2023-11-18 22:10:34,131 [INFO] IPUIPlugin:80 - create IPUIPlugin
2023-11-18 22:10:34,131 [INFO] PluginManager:220 - loadIPPluginJar : add mdma
2023-11-18 22:10:34,136 [INFO] IPUIPlugin:80 - create IPUIPlugin
2023-11-18 22:10:34,136 [INFO] PluginManager:220 - loadIPPluginJar : add nvic
2023-11-18 22:10:34,137 [INFO] IPUIPlugin:80 - create IPUIPlugin
2023-11-18 22:10:34,137 [INFO] PluginManager:220 - loadIPPluginJar : add opamp
2023-11-18 22:10:34,139 [INFO] IPUIPlugin:80 - create IPUIPlugin
2023-11-18 22:10:34,139 [INFO] PluginManager:220 - loadIPPluginJar : add openamp
2023-11-18 22:10:34,141 [INFO] IPUIPlugin:80 - create IPUIPlugin
2023-11-18 22:10:34,141 [INFO] PluginManager:220 - loadIPPluginJar : add pdm2pcm
2023-11-18 22:10:34,145 [INFO] IPUIPlugin:80 - create IPUIPlugin
2023-11-18 22:10:34,147 [INFO] PluginManager:220 - loadIPPluginJar : add plateformsettings
2023-11-18 22:10:34,148 [INFO] IPUIPlugin:80 - create IPUIPlugin
2023-11-18 22:10:34,148 [INFO] PluginManager:220 - loadIPPluginJar : add quadspi
2023-11-18 22:10:34,150 [INFO] IPUIPlugin:80 - create IPUIPlugin
2023-11-18 22:10:34,150 [INFO] PluginManager:220 - loadIPPluginJar : add resmgrutility
2023-11-18 22:10:34,155 [INFO] IPUIPlugin:80 - create IPUIPlugin
2023-11-18 22:10:34,155 [INFO] PluginManager:220 - loadIPPluginJar : add sai
2023-11-18 22:10:34,157 [INFO] IPUIPlugin:80 - create IPUIPlugin
2023-11-18 22:10:34,157 [INFO] PluginManager:220 - loadIPPluginJar : add spi
2023-11-18 22:10:34,160 [INFO] IPUIPlugin:80 - create IPUIPlugin
2023-11-18 22:10:34,160 [INFO] PluginManager:220 - loadIPPluginJar : add stm32_wpan
2023-11-18 22:10:34,161 [INFO] IPUIPlugin:80 - create IPUIPlugin
2023-11-18 22:10:34,162 [INFO] PluginManager:220 - loadIPPluginJar : add tim
2023-11-18 22:10:34,164 [INFO] IPUIPlugin:80 - create IPUIPlugin
2023-11-18 22:10:34,164 [INFO] PluginManager:220 - loadIPPluginJar : add touchsensing
2023-11-18 22:10:34,165 [INFO] IPUIPlugin:80 - create IPUIPlugin
2023-11-18 22:10:34,165 [INFO] PluginManager:220 - loadIPPluginJar : add tracer_emb
2023-11-18 22:10:34,166 [INFO] IPUIPlugin:80 - create IPUIPlugin
2023-11-18 22:10:34,166 [INFO] PluginManager:220 - loadIPPluginJar : add ts
2023-11-18 22:10:34,168 [INFO] IPUIPlugin:80 - create IPUIPlugin
2023-11-18 22:10:34,168 [INFO] PluginManager:220 - loadIPPluginJar : add tsc
2023-11-18 22:10:34,169 [INFO] IPUIPlugin:80 - create IPUIPlugin
2023-11-18 22:10:34,169 [INFO] PluginManager:220 - loadIPPluginJar : add ucpd
2023-11-18 22:10:34,171 [INFO] IPUIPlugin:80 - create IPUIPlugin
2023-11-18 22:10:34,171 [INFO] PluginManager:220 - loadIPPluginJar : add usart
2023-11-18 22:10:34,174 [INFO] IPUIPlugin:80 - create IPUIPlugin
2023-11-18 22:10:34,174 [INFO] PluginManager:220 - loadIPPluginJar : add usbx
2023-11-18 22:10:34,318 [INFO] CADModel:165 - CPN selected for project level
2023-11-18 22:10:34,319 [INFO] CADModel:114 - Register for checkConnection events
2023-11-18 22:10:34,319 [FATAL] Updater:308 - Updater called before beeing initialized
2023-11-18 22:10:34,320 [ERROR] CADModel:125 - Updater not yet initialized, retry later 
2023-11-18 22:10:34,631 [INFO] CADModel:165 - CPN selected for project level
2023-11-18 22:10:34,632 [INFO] CADModel:114 - Register for checkConnection events
2023-11-18 22:10:34,632 [FATAL] Updater:308 - Updater called before beeing initialized
2023-11-18 22:10:34,632 [ERROR] CADModel:125 - Updater not yet initialized, retry later 
2023-11-18 22:10:34,637 [FATAL] Updater:308 - Updater called before beeing initialized
2023-11-18 22:10:34,796 [FATAL] Updater:308 - Updater called before beeing initialized
2023-11-18 22:10:34,803 [INFO] DbMcusAds:53 - JSON generation date=Thu Sep 30 13:55:09 ICT 2021 (1632984909247)
2023-11-18 22:10:34,803 [FATAL] Updater:308 - Updater called before beeing initialized
2023-11-18 22:10:34,859 [WARN] DetailPanel:346 - Failed to get advertising image, set to default
2023-11-18 22:10:34,987 [FATAL] Updater:308 - Updater called before beeing initialized
2023-11-18 22:10:34,989 [FATAL] Updater:308 - Updater called before beeing initialized
2023-11-18 22:10:34,989 [FATAL] Updater:308 - Updater called before beeing initialized
2023-11-18 22:10:34,989 [WARN] DetailPanel:346 - Failed to get advertising image, set to default
2023-11-18 22:10:34,990 [FATAL] Updater:308 - Updater called before beeing initialized
2023-11-18 22:10:35,043 [ERROR] Updater:1120 - MainUpdater not yet initialized. External WinMGr cannot be set.
2023-11-18 22:10:35,045 [INFO] Updater:1056 - Updater Version found : 6.9.2
2023-11-18 22:10:35,067 [INFO] ApplicationProperties:184 - Using Application install path: D:\STM32CubeIDE_1.12.0\STM32CubeIDE\plugins\com.st.stm32cube.common.mx_6.9.2.202309101412
2023-11-18 22:10:35,521 [INFO] MainUpdater:2868 - connection check result : 10
2023-11-18 22:10:35,524 [INFO] MainUpdater:285 - Updater Check For Update Now.
2023-11-18 22:10:35,524 [INFO] MicroXplorer:498 - Change Database Version : DB.6.0.92
2023-11-18 22:10:35,542 [INFO] McuFinderGlobals:63 - Set McuFinder mode to 2 (CubeIDE integrated)
2023-11-18 22:10:35,542 [INFO] UserAuth:179 - activating auth plugin
2023-11-18 22:10:35,546 [INFO] UserAuth:393 - Internet connection configuration mode: 1
2023-11-18 22:10:35,571 [INFO] JxBrowserEngine:151 - Initiate JxBrowser Engine with user profile folder
2023-11-18 22:10:35,768 [INFO] CheckServerUpdateThread:120 - End of CheckServer Thread
2023-11-18 22:10:36,316 [INFO] WebApp:157 - Instantiating new browser for Auth
2023-11-18 22:10:36,858 [WARN] PackLoader:240 - Cannot read IP mode file for STMicroelectronics.X-CUBE-SMBUS.2.1.0
2023-11-18 22:10:36,922 [WARN] PackLoader:240 - Cannot read IP mode file for STMicroelectronics.X-CUBE-AZRTOS-F7.1.1.0
2023-11-18 22:10:36,936 [ERROR] RealEvaluatedCondition:428 - Found unsupported composite condition: CLASS='Data Exchange' GROUP='STM32_MetaDataManager'
2023-11-18 22:10:36,936 [ERROR] RealEvaluatedCondition:428 - Found unsupported composite condition: CLASS='Data Exchange' GROUP='STM32_MetaDataManager'
2023-11-18 22:10:36,940 [WARN] PackLoader:240 - Cannot read IP mode file for STMicroelectronics.FP-SNS-MOTENV1.4.3.0
2023-11-18 22:10:36,953 [WARN] PackLoader:240 - Cannot read IP mode file for STMicroelectronics.FP-SNS-MOTENV1.4.3.2
2023-11-18 22:10:36,962 [WARN] PackLoader:240 - Cannot read IP mode file for STMicroelectronics.FP-SNS-FLIGHT1.5.0.0
2023-11-18 22:10:36,968 [ERROR] RealEvaluatedCondition:428 - Found unsupported composite condition: CLASS='Data Exchange' GROUP='STM32_MetaDataManager'
2023-11-18 22:10:36,969 [ERROR] RealEvaluatedCondition:428 - Found unsupported composite condition: CLASS='Data Exchange' GROUP='STM32_MetaDataManager'
2023-11-18 22:10:36,971 [WARN] PackLoader:240 - Cannot read IP mode file for STMicroelectronics.FP-SNS-MOTENV1.4.3.1
2023-11-18 22:10:36,982 [WARN] PackLoader:240 - Cannot read IP mode file for STMicroelectronics.FP-SNS-FLIGHT1.5.0.1
2023-11-18 22:10:36,997 [WARN] PackLoader:240 - Cannot read IP mode file for STMicroelectronics.X-CUBE-BLE1.6.2.3
2023-11-18 22:10:37,005 [WARN] PackLoader:240 - Cannot read IP mode file for STMicroelectronics.X-CUBE-BLE1.6.2.4
2023-11-18 22:10:37,010 [WARN] PackLoader:240 - Cannot read IP mode file for STMicroelectronics.FP-SNS-FLIGHT1.5.0.2
2023-11-18 22:10:37,034 [WARN] PackLoader:240 - Cannot read IP mode file for STMicroelectronics.X-CUBE-TOF1.3.1.0
2023-11-18 22:10:37,058 [WARN] PackLoader:240 - Cannot read IP mode file for STMicroelectronics.X-CUBE-DISPLAY.3.0.0
2023-11-18 22:10:37,074 [WARN] PackLoader:240 - Cannot read IP mode file for STMicroelectronics.X-CUBE-BLE1.7.0.0
2023-11-18 22:10:37,082 [WARN] PackLoader:240 - Cannot read IP mode file for STMicroelectronics.X-CUBE-TOUCHGFX.4.22.0
2023-11-18 22:10:37,087 [WARN] PackLoader:240 - Cannot read IP mode file for STMicroelectronics.X-CUBE-TOUCHGFX.4.22.1
2023-11-18 22:10:37,216 [WARN] PackLoader:240 - Cannot read IP mode file for STMicroelectronics.X-CUBE-MEMS1.9.3.0
2023-11-18 22:10:37,545 [WARN] PackLoader:240 - Cannot read IP mode file for STMicroelectronics.X-CUBE-AI.7.2.0
2023-11-18 22:10:37,552 [WARN] PackLoader:240 - Cannot read IP mode file for STMicroelectronics.FP-SNS-SMARTAG2.1.2.0
2023-11-18 22:10:37,569 [INFO] LogOutputStream:77 - [STDOUT_REDIRECT] 1 : Invalid condition id : UX_CORESTACK_Condition cause : null
2023-11-18 22:10:37,570 [INFO] LogOutputStream:77 - [STDOUT_REDIRECT] 1 : Invalid condition id : UX_CORESTACK_Condition cause : null
2023-11-18 22:10:37,572 [INFO] LogOutputStream:77 - [STDOUT_REDIRECT] 1 : Invalid condition id : UX_CORESTACK_Condition cause : null
2023-11-18 22:10:37,574 [INFO] LogOutputStream:77 - [STDOUT_REDIRECT] 1 : Invalid condition id : UX_CORESTACK_Condition cause : null
2023-11-18 22:10:37,575 [INFO] LogOutputStream:77 - [STDOUT_REDIRECT] 1 : Invalid condition id : UX_CORESTACK_Condition cause : null
2023-11-18 22:10:37,580 [WARN] PackLoader:240 - Cannot read IP mode file for STMicroelectronics.X-CUBE-AZRTOS-WL.2.0.0
2023-11-18 22:10:37,609 [WARN] PackLoader:240 - Cannot read IP mode file for WES.I-CUBE-Cesium.1.3.0
2023-11-18 22:10:37,616 [WARN] PackLoader:240 - Cannot read IP mode file for STMicroelectronics.X-CUBE-BLE2.3.3.0
2023-11-18 22:10:37,624 [WARN] PackLoader:240 - Cannot read IP mode file for STMicroelectronics.X-CUBE-DISPLAY.2.2.0
2023-11-18 22:10:37,640 [WARN] PackLoader:240 - Cannot read IP mode file for STMicroelectronics.X-CUBE-TOF1.3.2.0
2023-11-18 22:10:37,667 [WARN] PackLoader:240 - Cannot read IP mode file for STMicroelectronics.X-CUBE-ISPU.1.0.0
2023-11-18 22:10:37,692 [WARN] PackLoader:240 - Cannot read IP mode file for STMicroelectronics.X-CUBE-AZRTOS-H7.2.1.0
2023-11-18 22:10:37,700 [WARN] PackLoader:240 - Cannot read IP mode file for STMicroelectronics.X-CUBE-TOUCHGFX.4.21.1
2023-11-18 22:10:37,704 [WARN] PackLoader:240 - Cannot read IP mode file for STMicroelectronics.X-CUBE-TOUCHGFX.4.21.3
2023-11-18 22:10:37,707 [WARN] PackLoader:240 - Cannot read IP mode file for STMicroelectronics.X-CUBE-TOUCHGFX.4.21.4
2023-11-18 22:10:37,711 [WARN] PackLoader:240 - Cannot read IP mode file for STMicroelectronics.X-CUBE-AI.7.3.0
2023-11-18 22:10:37,719 [WARN] PackLoader:240 - Cannot read IP mode file for STMicroelectronics.X-CUBE-ALGOBUILD.1.3.0
2023-11-18 22:10:37,741 [WARN] PackLoader:240 - Cannot read IP mode file for STMicroelectronics.X-CUBE-AZRTOS-G0.1.1.0
2023-11-18 22:10:37,799 [INFO] WebApp:753 - Register for checkConnection events
2023-11-18 22:10:37,800 [INFO] WebApp:390 - Apply proxy settings
2023-11-18 22:10:37,800 [INFO] WebApp:475 - Chromium requires no authentication
2023-11-18 22:10:37,803 [WARN] PackLoader:240 - Cannot read IP mode file for STMicroelectronics.X-CUBE-NFC4.3.0.0
2023-11-18 22:10:37,818 [INFO] WebApp:418 - Direct internet connection detected
2023-11-18 22:10:37,853 [WARN] PackLoader:240 - Cannot read IP mode file for SEGGER.I-CUBE-embOS.1.2.0
2023-11-18 22:10:37,933 [WARN] PackLoader:240 - Cannot read IP mode file for STMicroelectronics.X-CUBE-BLEMGR.3.0.0
2023-11-18 22:10:37,948 [WARN] PackLoader:240 - Cannot read IP mode file for STMicroelectronics.X-CUBE-BLEMGR.1.3.0
2023-11-18 22:10:37,958 [WARN] PackLoader:240 - Cannot read IP mode file for STMicroelectronics.FP-ATR-SIGFOX1.3.2.0
2023-11-18 22:10:37,969 [WARN] PackLoader:240 - Cannot read IP mode file for emotas.I-CUBE-CANOPEN.1.1.2
2023-11-18 22:10:37,974 [WARN] PackLoader:240 - Cannot read IP mode file for STMicroelectronics.X-CUBE-TOUCHGFX.4.20.0
2023-11-18 22:10:38,026 [WARN] PackLoader:240 - Cannot read IP mode file for STMicroelectronics.X-CUBE-MEMS1.9.5.0
2023-11-18 22:10:38,165 [INFO] WebApp:188 - Starting web application
2023-11-18 22:10:38,165 [INFO] WebApp:520 - Web application path used D:\STM32CubeIDE_1.12.0\STM32CubeIDE\plugins\com.st.stm32cube.common.mx_6.9.2.202309101412\db\plugins\mcufinder\reactClient1\index.html
2023-11-18 22:10:38,226 [WARN] PackLoader:240 - Cannot read IP mode file for SEGGER.I-CUBE-embOS.1.3.1
2023-11-18 22:10:38,274 [WARN] PackLoader:240 - Cannot read IP mode file for STMicroelectronics.X-CUBE-GNSS1.6.0.0
2023-11-18 22:10:38,295 [WARN] PackLoader:240 - Cannot read IP mode file for STMicroelectronics.X-CUBE-AZRTOS-F4.1.1.0
2023-11-18 22:10:38,310 [WARN] PackLoader:240 - Cannot read IP mode file for STMicroelectronics.X-CUBE-BLEMGR.1.2.0
2023-11-18 22:10:38,339 [WARN] PackLoader:240 - Cannot read IP mode file for STMicroelectronics.X-CUBE-AZRTOS-L5.2.0.0
2023-11-18 22:10:38,418 [WARN] PackLoader:240 - Cannot read IP mode file for STMicroelectronics.X-CUBE-MEMS1.9.6.0
2023-11-18 22:10:38,655 [WARN] PackLoader:240 - Cannot read IP mode file for STMicroelectronics.X-CUBE-EEPRMA1.4.2.0
2023-11-18 22:10:38,665 [WARN] PackLoader:240 - Cannot read IP mode file for ITTIA_DB.I-CUBE-ITTIADB.8.8.0
2023-11-18 22:10:38,674 [WARN] PackLoader:240 - Cannot read IP mode file for STMicroelectronics.X-CUBE-BLEMGR.2.0.0
2023-11-18 22:10:38,683 [WARN] PackLoader:240 - Cannot read IP mode file for STMicroelectronics.X-CUBE-NFC4.2.0.5
2023-11-18 22:10:38,689 [WARN] PackLoader:240 - Cannot read IP mode file for STMicroelectronics.X-CUBE-NFC4.2.0.4
2023-11-18 22:10:38,718 [WARN] ConditionMgr:438 - getConditionDescription Invalid condition id : UX DEVICE CLASS RTOS Condition cause : null
2023-11-18 22:10:38,719 [WARN] ConditionMgr:438 - getConditionDescription Invalid condition id : UX DEVICE CLASS RTOS Condition cause : null
2023-11-18 22:10:38,725 [WARN] PackLoader:240 - Cannot read IP mode file for STMicroelectronics.X-CUBE-AZRTOS-H7.3.1.0
2023-11-18 22:10:38,729 [WARN] ConditionMgr:1039 - genDependencies : Invalid condition id : UX DEVICE CLASS RTOS Condition cause : null
2023-11-18 22:10:38,729 [WARN] ConditionMgr:1039 - genDependencies : Invalid condition id : UX DEVICE CLASS RTOS Condition cause : null
2023-11-18 22:10:38,731 [WARN] ConditionMgr:1039 - genDependencies : Invalid condition id : UX DEVICE CLASS RTOS Condition cause : null
2023-11-18 22:10:38,732 [WARN] ConditionMgr:1039 - genDependencies : Invalid condition id : UX DEVICE CLASS RTOS Condition cause : null
2023-11-18 22:10:38,732 [WARN] ConditionMgr:1039 - genDependencies : Invalid condition id : UX DEVICE CLASS RTOS Condition cause : null
2023-11-18 22:10:38,742 [WARN] PackLoader:240 - Cannot read IP mode file for wolfSSL.I-CUBE-wolfSSL.5.5.0
2023-11-18 22:10:38,751 [WARN] PackLoader:240 - Cannot read IP mode file for STMicroelectronics.X-CUBE-NFC7.1.0.1
2023-11-18 22:10:38,760 [WARN] PackLoader:240 - Cannot read IP mode file for STMicroelectronics.X-CUBE-NFC7.1.0.0
2023-11-18 22:10:38,770 [WARN] PackLoader:240 - Cannot read IP mode file for STMicroelectronics.X-CUBE-NFC6.3.0.0
2023-11-18 22:10:38,778 [WARN] PackLoader:240 - Cannot read IP mode file for STMicroelectronics.X-CUBE-EEPRMA1.4.1.0
2023-11-18 22:10:38,785 [WARN] PackLoader:240 - Cannot read IP mode file for STMicroelectronics.X-CUBE-AI.8.1.0
2023-11-18 22:10:38,816 [WARN] ConditionMgr:438 - getConditionDescription Invalid condition id : LAN8742 Phy interface Condition cause : null
2023-11-18 22:10:38,818 [WARN] PackLoader:240 - Cannot read IP mode file for STMicroelectronics.X-CUBE-AZRTOS-L4.2.0.0
2023-11-18 22:10:38,820 [WARN] ConditionMgr:1039 - genDependencies : Invalid condition id : LAN8742 Phy interface Condition cause : null
2023-11-18 22:10:38,820 [WARN] ConditionMgr:1039 - genDependencies : Invalid condition id : LAN8742 Phy interface Condition cause : null
2023-11-18 22:10:38,822 [WARN] ConditionMgr:1039 - genDependencies : Invalid condition id : LAN8742 Phy interface Condition cause : null
2023-11-18 22:10:38,835 [WARN] PackLoader:240 - Cannot read IP mode file for STMicroelectronics.X-CUBE-SFXS2LP1.4.0.0
2023-11-18 22:10:38,872 [WARN] PackLoader:240 - Cannot read IP mode file for STMicroelectronics.X-CUBE-AZRTOS-H7.3.0.0
2023-11-18 22:10:38,883 [WARN] PackLoader:240 - Cannot read IP mode file for STMicroelectronics.X-CUBE-ISPU.1.1.0
2023-11-18 22:10:38,897 [WARN] PackLoader:240 - Cannot read IP mode file for RoweBots.I-CUBE-UNISONRTOS.5.5.0-4
2023-11-18 22:10:38,903 [WARN] PackLoader:240 - Cannot read IP mode file for STMicroelectronics.X-CUBE-AI.8.0.0
2023-11-18 22:10:38,925 [WARN] ConditionMgr:438 - getConditionDescription Invalid condition id : UX DEVICE CLASS RTOS Condition cause : null
2023-11-18 22:10:38,926 [WARN] ConditionMgr:438 - getConditionDescription Invalid condition id : UX DEVICE CLASS RTOS Condition cause : null
2023-11-18 22:10:38,929 [WARN] PackLoader:240 - Cannot read IP mode file for STMicroelectronics.X-CUBE-AZRTOS-WB.2.0.0
2023-11-18 22:10:38,931 [WARN] ConditionMgr:1039 - genDependencies : Invalid condition id : UX DEVICE CLASS RTOS Condition cause : null
2023-11-18 22:10:38,931 [WARN] ConditionMgr:1039 - genDependencies : Invalid condition id : UX DEVICE CLASS RTOS Condition cause : null
2023-11-18 22:10:38,932 [WARN] ConditionMgr:1039 - genDependencies : Invalid condition id : UX DEVICE CLASS RTOS Condition cause : null
2023-11-18 22:10:38,933 [WARN] ConditionMgr:1039 - genDependencies : Invalid condition id : UX DEVICE CLASS RTOS Condition cause : null
2023-11-18 22:10:38,933 [WARN] ConditionMgr:1039 - genDependencies : Invalid condition id : UX DEVICE CLASS RTOS Condition cause : null
2023-11-18 22:10:38,943 [WARN] PackLoader:240 - Cannot read IP mode file for STMicroelectronics.X-CUBE-FREERTOS.1.0.0
2023-11-18 22:10:38,950 [WARN] PackLoader:240 - Cannot read IP mode file for STMicroelectronics.X-CUBE-FREERTOS.1.0.1
2023-11-18 22:10:38,960 [WARN] PackLoader:240 - Cannot read IP mode file for STMicroelectronics.X-CUBE-BLEMGR.1.0.0
2023-11-18 22:10:38,985 [WARN] PackLoader:240 - Cannot read IP mode file for STMicroelectronics.X-CUBE-AZRTOS-L5.1.1.0
2023-11-18 22:10:38,994 [WARN] PackLoader:240 - Cannot read IP mode file for STMicroelectronics.X-CUBE-AI.8.0.1
2023-11-18 22:10:39,011 [WARN] PackLoader:240 - Cannot read IP mode file for STMicroelectronics.X-CUBE-SUBG2.5.0.0
2023-11-18 22:10:39,036 [WARN] PackLoader:240 - Cannot read IP mode file for STMicroelectronics.X-CUBE-TOF1.3.3.1
2023-11-18 22:10:39,079 [WARN] PackLoader:240 - Cannot read IP mode file for STMicroelectronics.X-CUBE-AZRTOS-G4.2.0.0
2023-11-18 22:10:39,105 [WARN] PackLoader:240 - Cannot read IP mode file for STMicroelectronics.X-CUBE-TOF1.3.3.0
2023-11-18 22:10:39,126 [WARN] PackLoader:240 - Cannot read IP mode file for STMicroelectronics.FP-ATR-ASTRA1.1.1.1
2023-11-18 22:10:39,147 [WARN] PackLoader:240 - Cannot read IP mode file for Infineon.AIROC-Wi-Fi-Bluetooth-STM32.1.5.1
2023-11-18 22:10:39,160 [WARN] PackLoader:240 - Cannot read IP mode file for STMicroelectronics.FP-SNS-MOTENVWB1.1.3.0
2023-11-18 22:10:39,184 [WARN] PackLoader:240 - Cannot read IP mode file for STMicroelectronics.X-CUBE-AZRTOS-G4.1.0.0
2023-11-18 22:10:39,224 [WARN] PackLoader:240 - Cannot read IP mode file for STMicroelectronics.X-CUBE-AZRTOS-L4.1.0.0
2023-11-18 22:10:39,314 [WARN] PackLoader:240 - Cannot read IP mode file for STMicroelectronics.X-CUBE-MEMS1.10.0.0
2023-11-18 22:10:39,520 [WARN] PackLoader:240 - Cannot read IP mode file for STMicroelectronics.X-CUBE-FREERTOS.1.1.0
2023-11-18 22:10:39,538 [WARN] PackLoader:240 - Cannot read IP mode file for STMicroelectronics.X-CUBE-AZRTOS-WL.1.0.0
2023-11-18 22:10:39,551 [WARN] PackLoader:240 - Cannot read IP mode file for portGmbH.I-Cube-SoM-uGOAL.1.1.0
2023-11-18 22:10:39,558 [WARN] PackLoader:240 - Cannot read IP mode file for STMicroelectronics.X-CUBE-ALS.1.0.1
2023-11-18 22:10:39,579 [WARN] PackLoader:240 - Cannot read IP mode file for STMicroelectronics.X-CUBE-AZRTOS-WB.1.1.0
2023-11-18 22:10:39,606 [WARN] PackLoader:240 - Cannot read IP mode file for STMicroelectronics.X-CUBE-AZRTOS-L5.1.0.0
2023-11-18 22:10:39,618 [WARN] PackLoader:240 - Cannot read IP mode file for STMicroelectronics.X-CUBE-EEPRMA1.3.1.1
2023-11-18 22:10:39,624 [WARN] PackLoader:240 - Cannot read IP mode file for STMicroelectronics.FP-ATR-ASTRA1.2.0.0
2023-11-18 22:10:39,625 [INFO] ThirdParty:978 - Integrity check success = true
2023-11-18 22:10:39,625 [INFO] IntegrityCheckThread:100 - exiting critical section [integrity check]
2023-11-18 22:10:39,625 [INFO] IntegrityCheckThread:103 - End integrity checks thread
